#! /usr/bin/vvp
:ivl_version "10.2 (stable)";
:ivl_delay_selection "TYPICAL";
:vpi_time_precision + 0;
:vpi_module "system";
:vpi_module "vhdl_sys";
:vpi_module "v2005_math";
:vpi_module "va_math";
S_0x2761870 .scope module, "tb" "tb" 2 1;
 .timescale 0 0;
v0x27afa90_0 .var "clk", 0 0;
v0x27afb50_0 .net "data_out", 31 0, v0x27ae0a0_0;  1 drivers
v0x27afc20_0 .net "end_random", 0 0, v0x27ae180_0;  1 drivers
v0x27afd20_0 .var/i "i", 31 0;
v0x27afdc0_0 .net "out_valid", 0 0, L_0x27c0e10;  1 drivers
v0x27afeb0_0 .var "re_start", 0 0;
v0x27aff80_0 .var "rst_n", 0 0;
v0x27b0050_0 .var "start", 0 0;
v0x27b0120 .array "state", 0 623, 31 0;
E_0x275e430 .event posedge, v0x27ae780_0;
S_0x275fa70 .scope module, "dut" "PRNG" 2 10, 3 1 0, S_0x2761870;
 .timescale 0 0;
    .port_info 0 /INPUT 1 "clk"
    .port_info 1 /INPUT 1 "rst_n"
    .port_info 2 /INPUT 1 "start"
    .port_info 3 /INPUT 1 "re_start"
    .port_info 4 /OUTPUT 1 "out_valid"
    .port_info 5 /OUTPUT 32 "data_out"
    .port_info 6 /OUTPUT 1 "end_random"
    .port_info 7 /OUTPUT 32 "number_1"
    .port_info 8 /OUTPUT 32 "number_2"
P_0x278e3b0 .param/l "A" 0 3 16, C4<10011001000010001011000011011111>;
P_0x278e3f0 .param/l "B" 0 3 20, C4<10011101001011000101011010000000>;
P_0x278e430 .param/l "C" 0 3 22, C4<11101111110001100000000000000000>;
P_0x278e470 .param/l "D" 0 3 18, C4<11111111111111111111111111111111>;
P_0x278e4b0 .param/l "DATA_WIDTH" 0 3 1, +C4<00000000000000000000000000100000>;
P_0x278e4f0 .param/l "END_RANDOM" 0 3 32, C4<100>;
P_0x278e530 .param/l "F" 0 3 24, +C4<01101100000001111000100101100101>;
P_0x278e570 .param/l "IDLE" 0 3 28, C4<000>;
P_0x278e5b0 .param/l "INIT" 0 3 29, C4<001>;
P_0x278e5f0 .param/l "L" 0 3 23, +C4<00000000000000000000000000010010>;
P_0x278e630 .param/l "M" 0 3 14, +C4<00000000000000000000000110001101>;
P_0x278e670 .param/l "N" 0 3 13, +C4<00000000000000000000001001110000>;
P_0x278e6b0 .param/l "NUMBER_RANDOM" 0 3 1, +C4<00000000000000000000000000000010>;
P_0x278e6f0 .param/l "R" 0 3 15, +C4<00000000000000000000000000011111>;
P_0x278e730 .param/l "S" 0 3 19, +C4<00000000000000000000000000000111>;
P_0x278e770 .param/l "SEED" 0 3 25, C4<11111000100101111000011101100101>;
P_0x278e7b0 .param/l "T" 0 3 21, +C4<00000000000000000000000000001111>;
P_0x278e7f0 .param/l "TEMPERING" 0 3 31, C4<011>;
P_0x278e830 .param/l "TRANFORMATION" 0 3 30, C4<010>;
P_0x278e870 .param/l "U" 0 3 17, +C4<00000000000000000000000000001011>;
P_0x278e8b0 .param/l "W" 0 3 26, +C4<00000000000000000000000000100000>;
L_0x7f192d4dc018 .functor BUFT 1, C4<01111111111111111111111111111111>, C4<0>, C4<0>, C4<0>;
L_0x27c0260 .functor NOT 32, L_0x7f192d4dc018, C4<00000000000000000000000000000000>, C4<00000000000000000000000000000000>, C4<00000000000000000000000000000000>;
L_0x7f192d4dc060 .functor BUFT 1, C4<11111111111111111111111111111111>, C4<0>, C4<0>, C4<0>;
L_0x27c0320 .functor AND 32, L_0x27c0260, L_0x7f192d4dc060, C4<11111111111111111111111111111111>, C4<11111111111111111111111111111111>;
L_0x27c08b0 .functor XOR 32, L_0x27c0460, L_0x27c0740, C4<00000000000000000000000000000000>, C4<00000000000000000000000000000000>;
v0x276bd80_0 .net *"_s10", 31 0, L_0x27c0500;  1 drivers
v0x27acfa0_0 .net *"_s12", 31 0, L_0x27c0740;  1 drivers
v0x27ad080_0 .net *"_s14", 1 0, L_0x27c05f0;  1 drivers
L_0x7f192d4dc0a8 .functor BUFT 1, C4<000000000000000000000000000000>, C4<0>, C4<0>, C4<0>;
v0x27ad170_0 .net *"_s16", 29 0, L_0x7f192d4dc0a8;  1 drivers
v0x27ad250_0 .net *"_s2", 31 0, L_0x27c0260;  1 drivers
v0x27ad380_0 .net *"_s20", 31 0, L_0x27c09c0;  1 drivers
L_0x7f192d4dc0f0 .functor BUFT 1, C4<000000000000000000000>, C4<0>, C4<0>, C4<0>;
v0x27ad460_0 .net *"_s23", 20 0, L_0x7f192d4dc0f0;  1 drivers
L_0x7f192d4dc138 .functor BUFT 1, C4<00000000000000000000001001110000>, C4<0>, C4<0>, C4<0>;
v0x27ad540_0 .net/2u *"_s24", 31 0, L_0x7f192d4dc138;  1 drivers
v0x27ad620_0 .net *"_s26", 0 0, L_0x27c0b00;  1 drivers
L_0x7f192d4dc180 .functor BUFT 1, C4<01>, C4<0>, C4<0>, C4<0>;
v0x27ad770_0 .net/2s *"_s28", 1 0, L_0x7f192d4dc180;  1 drivers
L_0x7f192d4dc1c8 .functor BUFT 1, C4<00>, C4<0>, C4<0>, C4<0>;
v0x27ad850_0 .net/2s *"_s30", 1 0, L_0x7f192d4dc1c8;  1 drivers
v0x27ad930_0 .net *"_s32", 1 0, L_0x27c0c80;  1 drivers
v0x27ada10_0 .net/2u *"_s4", 31 0, L_0x7f192d4dc060;  1 drivers
v0x27adaf0_0 .net *"_s8", 31 0, L_0x27c0460;  1 drivers
v0x27adbd0_0 .net "clk", 0 0, v0x27afa90_0;  1 drivers
v0x27adc90_0 .var "counter_init", 10 0;
v0x27add70_0 .var "counter_temp", 10 0;
v0x27adf20_0 .var "counter_tran", 10 0;
v0x27adfc0_0 .var "current_state", 2 0;
v0x27ae0a0_0 .var "data_out", 31 0;
v0x27ae180_0 .var "end_random", 0 0;
v0x27ae240_0 .var/i "i", 31 0;
v0x27ae320_0 .net "lower_mask", 31 0, L_0x7f192d4dc018;  1 drivers
v0x27ae400_0 .var "next_state", 2 0;
v0x27ae4e0_0 .var "number_1", 31 0;
v0x27ae5c0_0 .var "number_2", 31 0;
v0x27ae6a0_0 .var "out_tranformation", 31 0;
v0x27ae780_0 .net "out_valid", 0 0, L_0x27c0e10;  alias, 1 drivers
v0x27ae840_0 .net "re_start", 0 0, v0x27afeb0_0;  1 drivers
v0x27ae900_0 .net "rst_n", 0 0, v0x27aff80_0;  1 drivers
v0x27ae9c0_0 .net "start", 0 0, v0x27b0050_0;  1 drivers
v0x27aea80 .array "state_vector", 0 623, 31 0;
v0x27aeb40_0 .net "temp", 31 0, L_0x27c08b0;  1 drivers
v0x27ade50_0 .net "upper_mask", 31 0, L_0x27c0320;  1 drivers
v0x27aee10_0 .var "x", 31 0;
v0x27aeef0_0 .var "x1", 31 0;
v0x27aefd0_0 .var "y", 31 0;
v0x27af0b0_0 .var "y1", 31 0;
v0x27af190_0 .var "y10", 31 0;
v0x27af270_0 .var "y2", 31 0;
v0x27af350_0 .var "y3", 31 0;
v0x27af430_0 .var "y4", 31 0;
v0x27af510_0 .var "y5", 31 0;
v0x27af5f0_0 .var "y6", 31 0;
v0x27af6d0_0 .var "y7", 31 0;
v0x27af7b0_0 .var "y8", 31 0;
v0x27af890_0 .var "y9", 31 0;
E_0x2761500/0 .event negedge, v0x27ae900_0;
E_0x2761500/1 .event posedge, v0x27adbd0_0;
E_0x2761500 .event/or E_0x2761500/0, E_0x2761500/1;
E_0x275d600/0 .event edge, v0x27adfc0_0, v0x27ae9c0_0, v0x27adc90_0, v0x27adf20_0;
E_0x275d600/1 .event edge, v0x27add70_0, v0x27ae840_0;
E_0x275d600 .event/or E_0x275d600/0, E_0x275d600/1;
L_0x27c0460 .array/port v0x27aea80, v0x27adc90_0;
L_0x27c0500 .array/port v0x27aea80, v0x27adc90_0;
L_0x27c05f0 .part L_0x27c0500, 30, 2;
L_0x27c0740 .concat [ 2 30 0 0], L_0x27c05f0, L_0x7f192d4dc0a8;
L_0x27c09c0 .concat [ 11 21 0 0], v0x27adc90_0, L_0x7f192d4dc0f0;
L_0x27c0b00 .cmp/eq 32, L_0x27c09c0, L_0x7f192d4dc138;
L_0x27c0c80 .functor MUXZ 2, L_0x7f192d4dc1c8, L_0x7f192d4dc180, L_0x27c0b00, C4<>;
L_0x27c0e10 .part L_0x27c0c80, 0, 1;
    .scope S_0x275fa70;
T_0 ;
    %wait E_0x2761500;
    %load/vec4 v0x27ae900_0;
    %nor/r;
    %flag_set/vec4 8;
    %jmp/0xz  T_0.0, 8;
    %pushi/vec4 0, 0, 3;
    %assign/vec4 v0x27adfc0_0, 0;
    %jmp T_0.1;
T_0.0 ;
    %load/vec4 v0x27ae400_0;
    %assign/vec4 v0x27adfc0_0, 0;
T_0.1 ;
    %jmp T_0;
    .thread T_0;
    .scope S_0x275fa70;
T_1 ;
    %wait E_0x275d600;
    %load/vec4 v0x27adfc0_0;
    %dup/vec4;
    %pushi/vec4 0, 0, 3;
    %cmp/u;
    %jmp/1 T_1.0, 6;
    %dup/vec4;
    %pushi/vec4 1, 0, 3;
    %cmp/u;
    %jmp/1 T_1.1, 6;
    %dup/vec4;
    %pushi/vec4 2, 0, 3;
    %cmp/u;
    %jmp/1 T_1.2, 6;
    %dup/vec4;
    %pushi/vec4 3, 0, 3;
    %cmp/u;
    %jmp/1 T_1.3, 6;
    %dup/vec4;
    %pushi/vec4 4, 0, 3;
    %cmp/u;
    %jmp/1 T_1.4, 6;
    %pushi/vec4 0, 0, 3;
    %store/vec4 v0x27ae400_0, 0, 3;
    %jmp T_1.6;
T_1.0 ;
    %load/vec4 v0x27ae9c0_0;
    %flag_set/vec4 8;
    %jmp/0xz  T_1.7, 8;
    %pushi/vec4 1, 0, 3;
    %store/vec4 v0x27ae400_0, 0, 3;
    %jmp T_1.8;
T_1.7 ;
    %pushi/vec4 0, 0, 3;
    %store/vec4 v0x27ae400_0, 0, 3;
T_1.8 ;
    %jmp T_1.6;
T_1.1 ;
    %load/vec4 v0x27adc90_0;
    %pad/u 32;
    %cmpi/e 624, 0, 32;
    %jmp/0xz  T_1.9, 4;
    %pushi/vec4 2, 0, 3;
    %store/vec4 v0x27ae400_0, 0, 3;
    %jmp T_1.10;
T_1.9 ;
    %pushi/vec4 1, 0, 3;
    %store/vec4 v0x27ae400_0, 0, 3;
T_1.10 ;
    %jmp T_1.6;
T_1.2 ;
    %load/vec4 v0x27adf20_0;
    %pad/u 32;
    %cmpi/e 2, 0, 32;
    %jmp/0xz  T_1.11, 4;
    %pushi/vec4 3, 0, 3;
    %store/vec4 v0x27ae400_0, 0, 3;
    %jmp T_1.12;
T_1.11 ;
    %pushi/vec4 2, 0, 3;
    %store/vec4 v0x27ae400_0, 0, 3;
T_1.12 ;
    %jmp T_1.6;
T_1.3 ;
    %load/vec4 v0x27add70_0;
    %pad/u 32;
    %cmpi/e 32, 0, 32;
    %jmp/0xz  T_1.13, 4;
    %pushi/vec4 4, 0, 3;
    %store/vec4 v0x27ae400_0, 0, 3;
    %jmp T_1.14;
T_1.13 ;
    %pushi/vec4 3, 0, 3;
    %store/vec4 v0x27ae400_0, 0, 3;
T_1.14 ;
    %jmp T_1.6;
T_1.4 ;
    %load/vec4 v0x27ae840_0;
    %flag_set/vec4 8;
    %jmp/0xz  T_1.15, 8;
    %pushi/vec4 2, 0, 3;
    %store/vec4 v0x27ae400_0, 0, 3;
    %jmp T_1.16;
T_1.15 ;
    %pushi/vec4 4, 0, 3;
    %store/vec4 v0x27ae400_0, 0, 3;
T_1.16 ;
    %jmp T_1.6;
T_1.6 ;
    %pop/vec4 1;
    %jmp T_1;
    .thread T_1, $push;
    .scope S_0x275fa70;
T_2 ;
    %wait E_0x2761500;
    %load/vec4 v0x27ae900_0;
    %nor/r;
    %flag_set/vec4 8;
    %jmp/0xz  T_2.0, 8;
    %pushi/vec4 0, 0, 11;
    %assign/vec4 v0x27adc90_0, 0;
    %pushi/vec4 5, 0, 11;
    %assign/vec4 v0x27adf20_0, 0;
    %pushi/vec4 0, 0, 11;
    %assign/vec4 v0x27add70_0, 0;
    %pushi/vec4 0, 0, 32;
    %assign/vec4 v0x27aefd0_0, 0;
    %pushi/vec4 0, 0, 32;
    %assign/vec4 v0x27af0b0_0, 0;
    %pushi/vec4 0, 0, 32;
    %assign/vec4 v0x27af270_0, 0;
    %pushi/vec4 0, 0, 32;
    %assign/vec4 v0x27af350_0, 0;
    %pushi/vec4 0, 0, 32;
    %assign/vec4 v0x27af430_0, 0;
    %pushi/vec4 0, 0, 32;
    %assign/vec4 v0x27af510_0, 0;
    %pushi/vec4 0, 0, 32;
    %assign/vec4 v0x27af5f0_0, 0;
    %pushi/vec4 0, 0, 32;
    %assign/vec4 v0x27af6d0_0, 0;
    %pushi/vec4 0, 0, 32;
    %assign/vec4 v0x27af7b0_0, 0;
    %pushi/vec4 0, 0, 32;
    %assign/vec4 v0x27af890_0, 0;
    %pushi/vec4 0, 0, 32;
    %assign/vec4 v0x27af190_0, 0;
    %pushi/vec4 0, 0, 32;
    %assign/vec4 v0x27aeef0_0, 0;
    %pushi/vec4 0, 0, 32;
    %assign/vec4 v0x27aee10_0, 0;
    %pushi/vec4 0, 0, 32;
    %store/vec4 v0x27ae240_0, 0, 32;
T_2.2 ;
    %load/vec4 v0x27ae240_0;
    %cmpi/s 624, 0, 32;
    %jmp/0xz T_2.3, 5;
    %pushi/vec4 0, 0, 32;
    %ix/getv/s 3, v0x27ae240_0;
    %ix/load 4, 0, 0; Constant delay
    %assign/vec4/a/d v0x27aea80, 0, 4;
    %load/vec4 v0x27ae240_0;
    %addi 1, 0, 32;
    %store/vec4 v0x27ae240_0, 0, 32;
    %jmp T_2.2;
T_2.3 ;
    %jmp T_2.1;
T_2.0 ;
    %load/vec4 v0x27ae400_0;
    %dup/vec4;
    %pushi/vec4 0, 0, 3;
    %cmp/u;
    %jmp/1 T_2.4, 6;
    %dup/vec4;
    %pushi/vec4 1, 0, 3;
    %cmp/u;
    %jmp/1 T_2.5, 6;
    %dup/vec4;
    %pushi/vec4 2, 0, 3;
    %cmp/u;
    %jmp/1 T_2.6, 6;
    %dup/vec4;
    %pushi/vec4 3, 0, 3;
    %cmp/u;
    %jmp/1 T_2.7, 6;
    %dup/vec4;
    %pushi/vec4 4, 0, 3;
    %cmp/u;
    %jmp/1 T_2.8, 6;
    %jmp T_2.9;
T_2.4 ;
    %jmp T_2.9;
T_2.5 ;
    %load/vec4 v0x27adc90_0;
    %addi 1, 0, 11;
    %assign/vec4 v0x27adc90_0, 0;
    %pushi/vec4 4170680165, 0, 32;
    %ix/load 3, 0, 0;
    %flag_set/imm 4, 0;
    %ix/load 4, 0, 0; Constant delay
    %assign/vec4/a/d v0x27aea80, 0, 4;
    %ix/getv 4, v0x27adc90_0;
    %load/vec4a v0x27aea80, 4;
    %pad/u 65;
    %ix/getv 4, v0x27adc90_0;
    %load/vec4a v0x27aea80, 4;
    %pad/u 65;
    %ix/load 4, 30, 0;
    %flag_set/imm 4, 0;
    %shiftr 4;
    %xor;
    %muli 1812433253, 0, 65;
    %load/vec4 v0x27adc90_0;
    %pad/u 65;
    %add;
    %pushi/vec4 4294967295, 0, 65;
    %and;
    %pad/u 32;
    %load/vec4 v0x27adc90_0;
    %pad/u 33;
    %addi 1, 0, 33;
    %ix/vec4 3;
    %ix/load 4, 0, 0; Constant delay
    %assign/vec4/a/d v0x27aea80, 0, 4;
    %jmp T_2.9;
T_2.6 ;
    %load/vec4 v0x27adf20_0;
    %addi 1, 0, 11;
    %assign/vec4 v0x27adf20_0, 0;
    %ix/getv 4, v0x27adf20_0;
    %load/vec4a v0x27aea80, 4;
    %load/vec4 v0x27ade50_0;
    %and;
    %load/vec4 v0x27adf20_0;
    %pad/u 33;
    %addi 1, 0, 33;
    %pushi/vec4 624, 0, 33;
    %mod;
    %ix/vec4 4;
    %load/vec4a v0x27aea80, 4;
    %load/vec4 v0x27ae320_0;
    %and;
    %add;
    %assign/vec4 v0x27aefd0_0, 0;
    %load/vec4 v0x27aefd0_0;
    %ix/load 4, 1, 0;
    %flag_set/imm 4, 0;
    %shiftr 4;
    %assign/vec4 v0x27aee10_0, 0;
    %load/vec4 v0x27aee10_0;
    %parti/s 1, 0, 2;
    %pad/u 32;
    %cmpi/e 1, 0, 32;
    %jmp/0xz  T_2.10, 4;
    %load/vec4 v0x27aee10_0;
    %pushi/vec4 2567483615, 0, 32;
    %xor;
    %assign/vec4 v0x27aeef0_0, 0;
    %load/vec4 v0x27adf20_0;
    %pad/u 33;
    %addi 397, 0, 33;
    %pushi/vec4 624, 0, 33;
    %mod;
    %ix/vec4 4;
    %load/vec4a v0x27aea80, 4;
    %load/vec4 v0x27aeef0_0;
    %xor;
    %ix/getv 3, v0x27adf20_0;
    %ix/load 4, 0, 0; Constant delay
    %assign/vec4/a/d v0x27aea80, 0, 4;
    %load/vec4 v0x27adf20_0;
    %pad/u 33;
    %addi 397, 0, 33;
    %pushi/vec4 624, 0, 33;
    %mod;
    %ix/vec4 4;
    %load/vec4a v0x27aea80, 4;
    %load/vec4 v0x27aeef0_0;
    %xor;
    %assign/vec4 v0x27ae6a0_0, 0;
    %jmp T_2.11;
T_2.10 ;
    %load/vec4 v0x27adf20_0;
    %pad/u 33;
    %addi 397, 0, 33;
    %pushi/vec4 624, 0, 33;
    %mod;
    %ix/vec4 4;
    %load/vec4a v0x27aea80, 4;
    %load/vec4 v0x27aee10_0;
    %xor;
    %ix/getv/s 3, v0x27ae240_0;
    %ix/load 4, 0, 0; Constant delay
    %assign/vec4/a/d v0x27aea80, 0, 4;
    %load/vec4 v0x27adf20_0;
    %pad/u 33;
    %addi 397, 0, 33;
    %pushi/vec4 624, 0, 33;
    %mod;
    %ix/vec4 4;
    %load/vec4a v0x27aea80, 4;
    %load/vec4 v0x27aee10_0;
    %xor;
    %assign/vec4 v0x27ae6a0_0, 0;
    %pushi/vec4 0, 0, 11;
    %assign/vec4 v0x27adf20_0, 0;
T_2.11 ;
    %jmp T_2.9;
T_2.7 ;
    %load/vec4 v0x27add70_0;
    %addi 1, 0, 11;
    %store/vec4 v0x27add70_0, 0, 11;
    %load/vec4 v0x27add70_0;
    %pad/u 32;
    %pushi/vec4 1, 0, 32;
    %cmp/e;
    %flag_get/vec4 4;
    %load/vec4 v0x27add70_0;
    %pad/u 32;
    %pushi/vec4 2, 0, 32;
    %cmp/e;
    %flag_get/vec4 4;
    %or;
    %flag_set/vec4 8;
    %jmp/0 T_2.12, 8;
    %load/vec4 v0x27ae6a0_0;
    %ix/load 4, 11, 0;
    %flag_set/imm 4, 0;
    %shiftr 4;
    %jmp/1 T_2.13, 8;
T_2.12 ; End of true expr.
    %load/vec4 v0x27af0b0_0;
    %jmp/0 T_2.13, 8;
 ; End of false expr.
    %blend;
T_2.13;
    %assign/vec4 v0x27af0b0_0, 0;
    %load/vec4 v0x27add70_0;
    %pad/u 32;
    %pushi/vec4 2, 0, 32;
    %cmp/e;
    %flag_get/vec4 4;
    %load/vec4 v0x27add70_0;
    %pad/u 32;
    %pushi/vec4 3, 0, 32;
    %cmp/e;
    %flag_get/vec4 4;
    %or;
    %flag_set/vec4 8;
    %jmp/0 T_2.14, 8;
    %load/vec4 v0x27ae6a0_0;
    %load/vec4 v0x27af0b0_0;
    %xor;
    %jmp/1 T_2.15, 8;
T_2.14 ; End of true expr.
    %load/vec4 v0x27af270_0;
    %jmp/0 T_2.15, 8;
 ; End of false expr.
    %blend;
T_2.15;
    %assign/vec4 v0x27af270_0, 0;
    %load/vec4 v0x27add70_0;
    %pad/u 32;
    %pushi/vec4 3, 0, 32;
    %cmp/e;
    %flag_get/vec4 4;
    %load/vec4 v0x27add70_0;
    %pad/u 32;
    %pushi/vec4 4, 0, 32;
    %cmp/e;
    %flag_get/vec4 4;
    %or;
    %flag_set/vec4 8;
    %jmp/0 T_2.16, 8;
    %load/vec4 v0x27af270_0;
    %ix/load 4, 7, 0;
    %flag_set/imm 4, 0;
    %shiftl 4;
    %jmp/1 T_2.17, 8;
T_2.16 ; End of true expr.
    %load/vec4 v0x27af350_0;
    %jmp/0 T_2.17, 8;
 ; End of false expr.
    %blend;
T_2.17;
    %assign/vec4 v0x27af350_0, 0;
    %load/vec4 v0x27add70_0;
    %pad/u 32;
    %pushi/vec4 4, 0, 32;
    %cmp/e;
    %flag_get/vec4 4;
    %load/vec4 v0x27add70_0;
    %pad/u 32;
    %pushi/vec4 5, 0, 32;
    %cmp/e;
    %flag_get/vec4 4;
    %or;
    %flag_set/vec4 8;
    %jmp/0 T_2.18, 8;
    %load/vec4 v0x27af350_0;
    %pushi/vec4 4022730752, 0, 32;
    %and;
    %jmp/1 T_2.19, 8;
T_2.18 ; End of true expr.
    %load/vec4 v0x27af430_0;
    %jmp/0 T_2.19, 8;
 ; End of false expr.
    %blend;
T_2.19;
    %assign/vec4 v0x27af430_0, 0;
    %load/vec4 v0x27add70_0;
    %pad/u 32;
    %pushi/vec4 5, 0, 32;
    %cmp/e;
    %flag_get/vec4 4;
    %load/vec4 v0x27add70_0;
    %pad/u 32;
    %pushi/vec4 6, 0, 32;
    %cmp/e;
    %flag_get/vec4 4;
    %or;
    %flag_set/vec4 8;
    %jmp/0 T_2.20, 8;
    %load/vec4 v0x27af430_0;
    %load/vec4 v0x27af270_0;
    %xor;
    %jmp/1 T_2.21, 8;
T_2.20 ; End of true expr.
    %load/vec4 v0x27af510_0;
    %jmp/0 T_2.21, 8;
 ; End of false expr.
    %blend;
T_2.21;
    %assign/vec4 v0x27af510_0, 0;
    %load/vec4 v0x27add70_0;
    %pad/u 32;
    %pushi/vec4 6, 0, 32;
    %cmp/e;
    %flag_get/vec4 4;
    %load/vec4 v0x27add70_0;
    %pad/u 32;
    %pushi/vec4 7, 0, 32;
    %cmp/e;
    %flag_get/vec4 4;
    %or;
    %flag_set/vec4 8;
    %jmp/0 T_2.22, 8;
    %load/vec4 v0x27af510_0;
    %ix/load 4, 15, 0;
    %flag_set/imm 4, 0;
    %shiftl 4;
    %jmp/1 T_2.23, 8;
T_2.22 ; End of true expr.
    %load/vec4 v0x27af5f0_0;
    %jmp/0 T_2.23, 8;
 ; End of false expr.
    %blend;
T_2.23;
    %assign/vec4 v0x27af5f0_0, 0;
    %load/vec4 v0x27add70_0;
    %pad/u 32;
    %pushi/vec4 7, 0, 32;
    %cmp/e;
    %flag_get/vec4 4;
    %load/vec4 v0x27add70_0;
    %pad/u 32;
    %pushi/vec4 8, 0, 32;
    %cmp/e;
    %flag_get/vec4 4;
    %or;
    %flag_set/vec4 8;
    %jmp/0 T_2.24, 8;
    %load/vec4 v0x27af5f0_0;
    %pushi/vec4 4022730752, 0, 32;
    %and;
    %jmp/1 T_2.25, 8;
T_2.24 ; End of true expr.
    %load/vec4 v0x27af6d0_0;
    %jmp/0 T_2.25, 8;
 ; End of false expr.
    %blend;
T_2.25;
    %assign/vec4 v0x27af6d0_0, 0;
    %load/vec4 v0x27add70_0;
    %pad/u 32;
    %pushi/vec4 8, 0, 32;
    %cmp/e;
    %flag_get/vec4 4;
    %load/vec4 v0x27add70_0;
    %pad/u 32;
    %pushi/vec4 9, 0, 32;
    %cmp/e;
    %flag_get/vec4 4;
    %or;
    %flag_set/vec4 8;
    %jmp/0 T_2.26, 8;
    %load/vec4 v0x27af6d0_0;
    %load/vec4 v0x27af510_0;
    %xor;
    %jmp/1 T_2.27, 8;
T_2.26 ; End of true expr.
    %load/vec4 v0x27af7b0_0;
    %jmp/0 T_2.27, 8;
 ; End of false expr.
    %blend;
T_2.27;
    %assign/vec4 v0x27af7b0_0, 0;
    %load/vec4 v0x27add70_0;
    %pad/u 32;
    %pushi/vec4 9, 0, 32;
    %cmp/e;
    %flag_get/vec4 4;
    %load/vec4 v0x27add70_0;
    %pad/u 32;
    %pushi/vec4 10, 0, 32;
    %cmp/e;
    %flag_get/vec4 4;
    %or;
    %flag_set/vec4 8;
    %jmp/0 T_2.28, 8;
    %load/vec4 v0x27af7b0_0;
    %ix/load 4, 18, 0;
    %flag_set/imm 4, 0;
    %shiftr 4;
    %jmp/1 T_2.29, 8;
T_2.28 ; End of true expr.
    %load/vec4 v0x27af890_0;
    %jmp/0 T_2.29, 8;
 ; End of false expr.
    %blend;
T_2.29;
    %assign/vec4 v0x27af890_0, 0;
    %load/vec4 v0x27add70_0;
    %pad/u 32;
    %pushi/vec4 10, 0, 32;
    %cmp/e;
    %flag_get/vec4 4;
    %load/vec4 v0x27add70_0;
    %pad/u 32;
    %pushi/vec4 11, 0, 32;
    %cmp/e;
    %flag_get/vec4 4;
    %or;
    %flag_set/vec4 8;
    %jmp/0 T_2.30, 8;
    %load/vec4 v0x27af890_0;
    %load/vec4 v0x27af7b0_0;
    %xor;
    %jmp/1 T_2.31, 8;
T_2.30 ; End of true expr.
    %load/vec4 v0x27af190_0;
    %jmp/0 T_2.31, 8;
 ; End of false expr.
    %blend;
T_2.31;
    %assign/vec4 v0x27af190_0, 0;
    %jmp T_2.9;
T_2.8 ;
    %jmp T_2.9;
T_2.9 ;
    %pop/vec4 1;
T_2.1 ;
    %jmp T_2;
    .thread T_2;
    .scope S_0x2761870;
T_3 ;
    %vpi_call 2 21 "$dumpfile", "PRNG.VCD" {0 0 0};
    %vpi_call 2 22 "$dumpvars", 32'sb00000000000000000000000000000000, S_0x2761870 {0 0 0};
    %end;
    .thread T_3;
    .scope S_0x2761870;
T_4 ;
    %wait E_0x275e430;
    %pushi/vec4 0, 0, 32;
    %store/vec4 v0x27afd20_0, 0, 32;
T_4.0 ;
    %load/vec4 v0x27afd20_0;
    %cmpi/s 624, 0, 32;
    %jmp/0xz T_4.1, 5;
    %ix/getv/s 4, v0x27afd20_0;
    %load/vec4a v0x27aea80, 4;
    %ix/getv/s 4, v0x27afd20_0;
    %store/vec4a v0x27b0120, 4, 0;
    %vpi_call 2 29 "$display", " state vector %d: %h ", v0x27afd20_0, &A<v0x27b0120, v0x27afd20_0 > {0 0 0};
    %load/vec4 v0x27afd20_0;
    %addi 1, 0, 32;
    %store/vec4 v0x27afd20_0, 0, 32;
    %jmp T_4.0;
T_4.1 ;
    %jmp T_4;
    .thread T_4;
    .scope S_0x2761870;
T_5 ;
    %delay 5, 0;
    %load/vec4 v0x27afa90_0;
    %nor/r;
    %store/vec4 v0x27afa90_0, 0, 1;
    %jmp T_5;
    .thread T_5;
    .scope S_0x2761870;
T_6 ;
    %delay 0, 0;
    %pushi/vec4 1, 0, 1;
    %store/vec4 v0x27aff80_0, 0, 1;
    %pushi/vec4 0, 0, 1;
    %store/vec4 v0x27afa90_0, 0, 1;
    %delay 10, 0;
    %pushi/vec4 0, 0, 1;
    %store/vec4 v0x27aff80_0, 0, 1;
    %delay 10, 0;
    %pushi/vec4 1, 0, 1;
    %store/vec4 v0x27aff80_0, 0, 1;
    %delay 40, 0;
    %pushi/vec4 1, 0, 1;
    %store/vec4 v0x27b0050_0, 0, 1;
    %delay 20, 0;
    %pushi/vec4 0, 0, 1;
    %store/vec4 v0x27b0050_0, 0, 1;
    %end;
    .thread T_6;
    .scope S_0x2761870;
T_7 ;
    %delay 100000, 0;
    %vpi_call 2 44 "$finish" {0 0 0};
    %end;
    .thread T_7;
# The file index is used to find the file name in the following table.
:file_names 4;
    "N/A";
    "<interactive>";
    "tb.v";
    "PRNG.v";
